<?xml version="1.0" encoding="UTF-8"?>
<!-- Generated by org.testng.reporters.JUnitXMLReporter -->
<testsuite ignored="0" hostname="DESKTOP-0JON43M" failures="0" tests="5" name="EdegeTest" time="0.42" errors="0" timestamp="19 Sep 2022 05:16:22 GMT">
  <testcase classname="genaric_libary.Baseclass" name="@BeforeClass lunchbrowser" time="0.15">
    <failure type="java.lang.IllegalStateException" message="The path to the driver executable must be set by the webdriver.edge.driver system property; for more information, see https://github.com/SeleniumHQ/selenium/wiki/MicrosoftWebDriver. The latest version can be downloaded from http://go.microsoft.com/fwlink/?LinkId=619687">
      <![CDATA[java.lang.IllegalStateException: The path to the driver executable must be set by the webdriver.edge.driver system property; for more information, see https://github.com/SeleniumHQ/selenium/wiki/MicrosoftWebDriver. The latest version can be downloaded from http://go.microsoft.com/fwlink/?LinkId=619687
at com.google.common.base.Preconditions.checkState(Preconditions.java:847)
at org.openqa.selenium.remote.service.DriverService.findExecutable(DriverService.java:134)
at org.openqa.selenium.edge.EdgeDriverService.access$000(EdgeDriverService.java:37)
at org.openqa.selenium.edge.EdgeDriverService$Builder.findDefaultExecutable(EdgeDriverService.java:90)
at org.openqa.selenium.remote.service.DriverService$Builder.build(DriverService.java:355)
at org.openqa.selenium.edge.EdgeDriverService.createDefaultService(EdgeDriverService.java:70)
at org.openqa.selenium.edge.EdgeDriver.<init>(EdgeDriver.java:96)
at genaric_libary.Baseclass.lunchbrowser(Baseclass.java:48)
at java.base/java.util.concurrent.FutureTask.run(FutureTask.java:264)
at java.base/java.util.concurrent.ThreadPoolExecutor.runWorker(ThreadPoolExecutor.java:1136)
at java.base/java.util.concurrent.ThreadPoolExecutor$Worker.run(ThreadPoolExecutor.java:635)
at java.base/java.lang.Thread.run(Thread.java:833)
... Removed 15 stack frames]]>
    </failure>
  </testcase> <!-- @BeforeClass lunchbrowser -->
  <testcase classname="genaric_libary.Baseclass" name="@BeforeMethod LoginApplication" time="0.0">
    <skipped/>
  </testcase> <!-- @BeforeMethod LoginApplication -->
  <testcase classname="genaric_libary.Baseclass" name="@AfterMethod LogoutApplication" time="0.0">
    <skipped/>
  </testcase> <!-- @AfterMethod LogoutApplication -->
  <testcase classname="genaric_libary.Baseclass" name="@BeforeMethod LoginApplication" time="0.0">
    <skipped/>
  </testcase> <!-- @BeforeMethod LoginApplication -->
  <testcase classname="genaric_libary.Baseclass" name="@AfterMethod LogoutApplication" time="0.0">
    <skipped/>
  </testcase> <!-- @AfterMethod LogoutApplication -->
  <testcase classname="genaric_libary.Baseclass" name="@BeforeMethod LoginApplication" time="0.0">
    <skipped/>
  </testcase> <!-- @BeforeMethod LoginApplication -->
  <testcase classname="genaric_libary.Baseclass" name="@AfterMethod LogoutApplication" time="0.0">
    <skipped/>
  </testcase> <!-- @AfterMethod LogoutApplication -->
  <testcase classname="genaric_libary.Baseclass" name="@BeforeMethod LoginApplication" time="0.0">
    <skipped/>
  </testcase> <!-- @BeforeMethod LoginApplication -->
  <testcase classname="genaric_libary.Baseclass" name="@AfterMethod LogoutApplication" time="0.0">
    <skipped/>
  </testcase> <!-- @AfterMethod LogoutApplication -->
  <testcase classname="genaric_libary.Baseclass" name="@BeforeMethod LoginApplication" time="0.0">
    <skipped/>
  </testcase> <!-- @BeforeMethod LoginApplication -->
  <testcase classname="genaric_libary.Baseclass" name="@AfterMethod LogoutApplication" time="0.0">
    <skipped/>
  </testcase> <!-- @AfterMethod LogoutApplication -->
  <testcase classname="genaric_libary.Baseclass" name="@AfterClass closebrowser" time="0.0">
    <skipped/>
  </testcase> <!-- @AfterClass closebrowser -->
  <testcase classname="element_libary.Test_crossss" name="add" time="0.0">
    <skipped/>
  </testcase> <!-- add -->
  <testcase classname="element_libary.Test_crossss" name="create" time="0.0">
    <skipped/>
  </testcase> <!-- create -->
  <testcase classname="element_libary.Test_crossss" name="delet" time="0.0">
    <skipped/>
  </testcase> <!-- delet -->
  <testcase classname="element_libary.Test_crossss" name="edit" time="0.0">
    <skipped/>
  </testcase> <!-- edit -->
  <testcase classname="element_libary.Test_crossss" name="login" time="0.0">
    <skipped/>
  </testcase> <!-- login -->
</testsuite> <!-- EdegeTest -->
