<?xml version="1.0" encoding="UTF-8"?>
<!-- Generated by org.testng.reporters.JUnitXMLReporter -->
<testsuite ignored="0" hostname="DESKTOP-0JON43M" failures="0" tests="5" name="Default test" time="0.108" errors="0" timestamp="24 Sep 2022 11:59:43 GMT">
  <testcase classname="genaric_libary.Baseclass" name="@BeforeClass lunchbrowser" time="0.004">
    <failure type="java.lang.NullPointerException" message="Cannot invoke &amp;quot;org.openqa.selenium.WebDriver.get(String)&amp;quot; because &amp;quot;this.driver&amp;quot; is null">
      <![CDATA[java.lang.NullPointerException: Cannot invoke "org.openqa.selenium.WebDriver.get(String)" because "this.driver" is null
at genaric_libary.Baseclass.lunchbrowser(Baseclass.java:61)
at java.base/jdk.internal.reflect.DirectMethodHandleAccessor.invoke(DirectMethodHandleAccessor.java:104)
at java.base/java.lang.reflect.Method.invoke(Method.java:577)
at org.testng.internal.MethodInvocationHelper.invokeMethod(MethodInvocationHelper.java:124)
at org.testng.internal.MethodInvocationHelper.invokeMethodConsideringTimeout(MethodInvocationHelper.java:59)
at org.testng.internal.Invoker.invokeConfigurationMethod(Invoker.java:458)
at org.testng.internal.Invoker.invokeConfigurations(Invoker.java:222)
at org.testng.internal.Invoker.invokeConfigurations(Invoker.java:142)
at org.testng.internal.TestMethodWorker.invokeBeforeClassMethods(TestMethodWorker.java:168)
at org.testng.internal.TestMethodWorker.run(TestMethodWorker.java:105)
at org.testng.TestRunner.privateRun(TestRunner.java:648)
at org.testng.TestRunner.run(TestRunner.java:505)
at org.testng.SuiteRunner.runTest(SuiteRunner.java:455)
at org.testng.SuiteRunner.runSequentially(SuiteRunner.java:450)
at org.testng.SuiteRunner.privateRun(SuiteRunner.java:415)
at org.testng.SuiteRunner.run(SuiteRunner.java:364)
at org.testng.SuiteRunnerWorker.runSuite(SuiteRunnerWorker.java:52)
at org.testng.SuiteRunnerWorker.run(SuiteRunnerWorker.java:84)
at org.testng.TestNG.runSuitesSequentially(TestNG.java:1208)
at org.testng.TestNG.runSuitesLocally(TestNG.java:1137)
at org.testng.TestNG.runSuites(TestNG.java:1049)
at org.testng.TestNG.run(TestNG.java:1017)
at org.testng.remote.AbstractRemoteTestNG.run(AbstractRemoteTestNG.java:115)
at org.testng.remote.RemoteTestNG.initAndRun(RemoteTestNG.java:251)
at org.testng.remote.RemoteTestNG.main(RemoteTestNG.java:77)
]]>
    </failure>
  </testcase> <!-- @BeforeClass lunchbrowser -->
  <testcase classname="genaric_libary.Baseclass" name="@BeforeMethod LoginApplication" time="0.0">
    <skipped/>
  </testcase> <!-- @BeforeMethod LoginApplication -->
  <testcase classname="genaric_libary.Baseclass" name="@AfterMethod LogoutApplication" time="0.0">
    <skipped/>
  </testcase> <!-- @AfterMethod LogoutApplication -->
  <testcase classname="genaric_libary.Baseclass" name="@BeforeMethod LoginApplication" time="0.0">
    <skipped/>
  </testcase> <!-- @BeforeMethod LoginApplication -->
  <testcase classname="genaric_libary.Baseclass" name="@AfterMethod LogoutApplication" time="0.0">
    <skipped/>
  </testcase> <!-- @AfterMethod LogoutApplication -->
  <testcase classname="genaric_libary.Baseclass" name="@BeforeMethod LoginApplication" time="0.0">
    <skipped/>
  </testcase> <!-- @BeforeMethod LoginApplication -->
  <testcase classname="genaric_libary.Baseclass" name="@AfterMethod LogoutApplication" time="0.0">
    <skipped/>
  </testcase> <!-- @AfterMethod LogoutApplication -->
  <testcase classname="genaric_libary.Baseclass" name="@BeforeMethod LoginApplication" time="0.0">
    <skipped/>
  </testcase> <!-- @BeforeMethod LoginApplication -->
  <testcase classname="genaric_libary.Baseclass" name="@AfterMethod LogoutApplication" time="0.0">
    <skipped/>
  </testcase> <!-- @AfterMethod LogoutApplication -->
  <testcase classname="genaric_libary.Baseclass" name="@BeforeMethod LoginApplication" time="0.0">
    <skipped/>
  </testcase> <!-- @BeforeMethod LoginApplication -->
  <testcase classname="genaric_libary.Baseclass" name="@AfterMethod LogoutApplication" time="0.0">
    <skipped/>
  </testcase> <!-- @AfterMethod LogoutApplication -->
  <testcase classname="genaric_libary.Baseclass" name="@AfterClass closebrowser" time="0.0">
    <skipped/>
  </testcase> <!-- @AfterClass closebrowser -->
  <testcase classname="element_libary.Test_crossss" name="add" time="0.0">
    <skipped/>
  </testcase> <!-- add -->
  <testcase classname="element_libary.Test_crossss" name="create" time="0.0">
    <skipped/>
  </testcase> <!-- create -->
  <testcase classname="element_libary.Test_crossss" name="delet" time="0.0">
    <skipped/>
  </testcase> <!-- delet -->
  <testcase classname="element_libary.Test_crossss" name="edit" time="0.0">
    <skipped/>
  </testcase> <!-- edit -->
  <testcase classname="element_libary.Test_crossss" name="login" time="0.0">
    <skipped/>
  </testcase> <!-- login -->
</testsuite> <!-- Default test -->
